This is pdfTeX, Version 3.14159265-2.6-1.40.16 (TeX Live 2015/Debian) (preloaded format=etex 2016.6.2)  5 JUL 2016 13:59
entering extended mode
 restricted \write18 enabled.
 file:line:error style messages enabled.
 %&-line parsing enabled.
**\catcode126=12 \def\normaltilde{~}\catcode126=13 \let~\normaltilde  \input ./
CHiLL.texi
(./CHiLL.texi (/usr/share/texmf/tex/texinfo/texinfo.tex
Loading texinfo [version 2016-02-05.07.deb2]:
\outerhsize=\dimen16
\outervsize=\dimen17
\cornerlong=\dimen18
\cornerthick=\dimen19
\topandbottommargin=\dimen20
\bindingoffset=\dimen21
\normaloffset=\dimen22
\pagewidth=\dimen23
\pageheight=\dimen24
\headlinebox=\box16
\footlinebox=\box17
\margin=\insert252
\EMsimple=\toks13
\groupbox=\box18
\groupinvalidhelp=\toks14
\mil=\dimen25
\exdentamount=\skip18
\inmarginspacing=\skip19
\centerpenalty=\count27
 pdf,
\tempnum=\count28
\lnkcount=\count29
\filename=\toks15
\filenamelength=\count30
\pgn=\count31
\toksA=\toks16
\toksB=\toks17
\toksC=\toks18
\toksD=\toks19
\boxA=\box19
\boxB=\box20
\countA=\count32
\nopdfimagehelp=\toks20
 fonts,
\sffam=\fam8
\textleading=\dimen26
 markup,
\fontdepth=\count33
 glyphs,
\errorbox=\box21

page headings,
\titlepagetopglue=\skip20
\titlepagebottomglue=\skip21
\evenheadline=\toks21
\oddheadline=\toks22
\evenfootline=\toks23
\oddfootline=\toks24
 tables,
\tableindent=\dimen27
\itemindent=\dimen28
\itemmargin=\dimen29
\itemmax=\dimen30
\itemno=\count34
\multitableparskip=\skip22
\multitableparindent=\skip23
\multitablecolspace=\dimen31
\multitablelinespace=\skip24
\colcount=\count35
\everytab=\toks25
 conditionals,
\doignorecount=\count36
 indexing,
\dummybox=\box22
\whatsitskip=\skip25
\whatsitpenalty=\count37
\entryrightmargin=\dimen32
\thinshrinkable=\skip26
\entryindexbox=\box23
\entrylinedepth=\dimen33
\secondaryindent=\skip27
\partialpage=\box24
\doublecolumnhsize=\dimen34
\doublecolumntopgap=\dimen35
\savedtopmark=\toks26
\savedfirstmark=\toks27
\balancedcolumns=\box25
 sectioning,
\unnumberedno=\count38
\chapno=\count39
\secno=\count40
\subsecno=\count41
\subsubsecno=\count42
\appendixno=\count43
\absseclevel=\count44
\secbase=\count45
\chapheadingskip=\skip28
\secheadingskip=\skip29
\subsecheadingskip=\skip30
 toc,
\tocfile=\write0
\contentsrightmargin=\skip31
\savepageno=\count46
\lastnegativepageno=\count47
\tocindent=\dimen36
 environments,
\lispnarrowing=\skip32
\envskipamount=\skip33
\circthick=\dimen37
\cartouter=\dimen38
\cartinner=\dimen39
\normbskip=\skip34
\normpskip=\skip35
\normlskip=\skip36
\lskip=\skip37
\rskip=\skip38
\nonfillparindent=\dimen40
\tabw=\dimen41
\verbbox=\box26

defuns,
\defbodyindent=\skip39
\defargsindent=\skip40
\deflastargmargin=\skip41
\defunpenalty=\count48
\parencount=\count49
\brackcount=\count50
 macros,
\paramno=\count51
\macname=\toks28
 cross references,
\auxfile=\write1
\savesfregister=\count52
\toprefbox=\box27
\printedrefnamebox=\box28
\infofilenamebox=\box29
\printedmanualbox=\box30
 insertions,
\footnoteno=\count53
\SAVEfootins=\box31
\SAVEmargin=\box32

(/usr/share/texlive/texmf-dist/tex/generic/epsf/epsf.tex
This is `epsf.tex' v2.7.4 <14 February 2011>
\epsffilein=\read1
\epsfframemargin=\dimen42
\epsfframethickness=\dimen43
\epsfrsize=\dimen44
\epsftmp=\dimen45
\epsftsize=\dimen46
\epsfxsize=\dimen47
\epsfysize=\dimen48
\pspoints=\dimen49
)
\noepsfhelp=\toks29
 localization,
\nolanghelp=\toks30
\countUTFx=\count54
\countUTFy=\count55
\countUTFz=\count56
 formatting,
\defaultparindent=\dimen50
 and turning on texinfo input format.) [1] [2]
(/home/derick/dev/chill/Manual/CHiLL.toc) [-1] Chapter 1
\openout0 = `CHiLL.toc'.


(/home/derick/dev/chill/Manual/CHiLL.aux)
\openout1 = `CHiLL.aux'.

 [1] Chapter 2 [2]
@cpindfile=@write2
\openout2 = `CHiLL.cp'.

 [3] [4] [5]
[6] Chapter 3 [7] [8]
@fnindfile=@write3
\openout3 = `CHiLL.fn'.

 [9]
texinfo.tex: doing @include of examples/distribute.texi


(/home/derick/dev/chill/Manual/examples/distribute.texi) [10]
texinfo.tex: doing @include of examples/fuse.texi


(/home/derick/dev/chill/Manual/examples/fuse.texi) [11]
texinfo.tex: doing @include of examples/nonsingular.texi


(/home/derick/dev/chill/Manual/examples/nonsingular.texi) [12]
texinfo.tex: doing @include of examples/peel.texi


(/home/derick/dev/chill/Manual/examples/peel.texi) [13]
texinfo.tex: doing @include of examples/permute.texi


(/home/derick/dev/chill/Manual/examples/permute.texi) [14]
texinfo.tex: doing @include of examples/reverse.texi


(/home/derick/dev/chill/Manual/examples/reverse.texi) [15]
texinfo.tex: doing @include of examples/scale.texi


(/home/derick/dev/chill/Manual/examples/scale.texi) [16]
texinfo.tex: doing @include of examples/shift.texi


(/home/derick/dev/chill/Manual/examples/shift.texi) [17]
texinfo.tex: doing @include of examples/shift_to.texi


(/home/derick/dev/chill/Manual/examples/shift_to.texi) [18]
texinfo.tex: doing @include of examples/skew.texi


(/home/derick/dev/chill/Manual/examples/skew.texi) [19]
texinfo.tex: doing @include of examples/split.texi


(/home/derick/dev/chill/Manual/examples/split.texi) [20]
texinfo.tex: doing @include of examples/tile.texi


(/home/derick/dev/chill/Manual/examples/tile.texi) [21]
texinfo.tex: doing @include of examples/unroll.texi


(/home/derick/dev/chill/Manual/examples/unroll.texi) [22] (Concept Index)
(Function and Transformation Index) [23] [24] ) 
Here is how much of TeX's memory you used:
 3163 strings out of 495084
 31716 string characters out of 6161165
 75635 words of memory out of 5000000
 4665 multiletter control sequences out of 15000+600000
 32778 words of font info for 114 fonts, out of 8000000 for 9000
 1178 hyphenation exceptions out of 8191
 16i,11n,16p,1040b,774s stack positions out of 5000i,500n,10000p,200000b,80000s

Output written on CHiLL.dvi (27 pages, 95600 bytes).
